2025-07-04 01:45:17,827 - ERROR - Error processing file: E:\Dataset\Sketchy\sketches_svg\airplane\n02691156_3791-2.svg, Error: no element found: line 71, column 0
2025-07-04 01:45:19,909 - ERROR - Error processing file: E:\Dataset\Sketchy\sketches_svg\airplane\n02691156_5873-1.svg, Error: no element found: line 61, column 0
2025-07-04 01:45:20,802 - ERROR - Error processing file: E:\Dataset\Sketchy\sketches_svg\airplane\n02691156_7027-2.svg, Error: no element found: line 60, column 0
2025-07-04 01:45:21,507 - ERROR - Error processing file: E:\Dataset\Sketchy\sketches_svg\airplane\n02691156_7989-2.svg, Error: no element found: line 51, column 0
2025-07-04 01:45:21,806 - ERROR - Error processing file: E:\Dataset\Sketchy\sketches_svg\airplane\n02691156_8226-4.svg, Error: no element found: line 38, column 0
2025-07-04 01:45:22,668 - ERROR - Error processing file: E:\Dataset\Sketchy\sketches_svg\airplane\n02691156_9099-3.svg, Error: no element found: line 58, column 0
2025-07-04 01:45:22,694 - ERROR - Error processing file: E:\Dataset\Sketchy\sketches_svg\airplane\n02691156_9099-5.svg, Error: no element found: line 45, column 0
2025-07-04 01:45:22,852 - ERROR - Error processing file: E:\Dataset\Sketchy\sketches_svg\airplane\n02691156_9453-4.svg, Error: no element found: line 45, column 0
2025-07-04 01:45:57,681 - ERROR - Error processing file: E:\Dataset\Sketchy\sketches_svg\axe\n02764044_21188-1.svg, Error: no element found: line 38, column 0
2025-07-04 01:45:57,689 - ERROR - Error processing file: E:\Dataset\Sketchy\sketches_svg\axe\n02764044_21188-3.svg, Error: no element found: line 36, column 0
2025-07-04 01:45:57,926 - ERROR - Error processing file: E:\Dataset\Sketchy\sketches_svg\axe\n02764044_23833-3.svg, Error: no element found: line 33, column 0
2025-07-04 01:45:57,991 - ERROR - Error processing file: E:\Dataset\Sketchy\sketches_svg\axe\n02764044_24393-2.svg, Error: no element found: line 136, column 0
2025-07-04 01:45:57,992 - ERROR - Error processing file: E:\Dataset\Sketchy\sketches_svg\axe\n02764044_24393-3.svg, Error: no element found: line 32, column 0
2025-07-04 01:45:58,265 - ERROR - Error processing file: E:\Dataset\Sketchy\sketches_svg\axe\n02764044_27306-2.svg, Error: no element found: line 33, column 0
2025-07-04 01:45:58,266 - ERROR - Error processing file: E:\Dataset\Sketchy\sketches_svg\axe\n02764044_27306-3.svg, Error: no element found: line 43, column 0
2025-07-04 01:45:58,348 - ERROR - Error processing file: E:\Dataset\Sketchy\sketches_svg\axe\n02764044_29021-1.svg, Error: no element found: line 33, column 0
2025-07-04 01:45:58,555 - ERROR - Error processing file: E:\Dataset\Sketchy\sketches_svg\axe\n02764044_30393-2.svg, Error: no element found: line 35, column 0
2025-07-04 01:45:59,042 - ERROR - Error processing file: E:\Dataset\Sketchy\sketches_svg\axe\n02764044_31657-3.svg, Error: no element found: line 38, column 0
2025-07-04 01:45:59,836 - ERROR - Error processing file: E:\Dataset\Sketchy\sketches_svg\axe\n02764044_41079-1.svg, Error: no element found: line 35, column 0
2025-07-04 01:46:01,092 - ERROR - Error processing file: E:\Dataset\Sketchy\sketches_svg\axe\n02764044_8535-3.svg, Error: no element found: line 39, column 0
2025-07-04 01:46:01,312 - ERROR - Error processing file: E:\Dataset\Sketchy\sketches_svg\axe\n02764044_9419-2.svg, Error: no element found: line 41, column 0
2025-07-04 01:46:01,321 - ERROR - Error processing file: E:\Dataset\Sketchy\sketches_svg\axe\n02764044_9419-4.svg, Error: no element found: line 37, column 0
2025-07-04 01:46:01,894 - ERROR - Error processing file: E:\Dataset\Sketchy\sketches_svg\banana\n07753592_10800-4.svg, Error: no element found: line 96, column 0
2025-07-04 01:46:02,375 - ERROR - Error processing file: E:\Dataset\Sketchy\sketches_svg\banana\n07753592_11653-2.svg, Error: no element found: line 38, column 0
2025-07-04 01:46:02,378 - ERROR - Error processing file: E:\Dataset\Sketchy\sketches_svg\banana\n07753592_11653-3.svg, Error: no element found: line 55, column 0
2025-07-04 01:46:02,791 - ERROR - Error processing file: E:\Dataset\Sketchy\sketches_svg\banana\n07753592_12041-3.svg, Error: no element found: line 36, column 0
2025-07-04 01:46:04,609 - ERROR - Error processing file: E:\Dataset\Sketchy\sketches_svg\banana\n07753592_22116-3.svg, Error: no element found: line 31, column 0
2025-07-04 01:46:04,820 - ERROR - Error processing file: E:\Dataset\Sketchy\sketches_svg\banana\n07753592_2395-4.svg, Error: no element found: line 36, column 0
2025-07-04 01:46:06,059 - ERROR - Error processing file: E:\Dataset\Sketchy\sketches_svg\banana\n07753592_5847-1.svg, Error: no element found: line 38, column 0
2025-07-04 01:46:06,072 - ERROR - Error processing file: E:\Dataset\Sketchy\sketches_svg\banana\n07753592_5847-2.svg, Error: no element found: line 40, column 0
2025-07-04 01:46:06,219 - ERROR - Error processing file: E:\Dataset\Sketchy\sketches_svg\banana\n07753592_6036-1.svg, Error: no element found: line 31, column 0
2025-07-04 01:46:06,235 - ERROR - Error processing file: E:\Dataset\Sketchy\sketches_svg\banana\n07753592_6036-3.svg, Error: no element found: line 31, column 0
2025-07-04 01:46:06,905 - ERROR - Error processing file: E:\Dataset\Sketchy\sketches_svg\banana\n07753592_6916-1.svg, Error: no element found: line 39, column 0
2025-07-04 01:46:07,366 - ERROR - Error processing file: E:\Dataset\Sketchy\sketches_svg\banana\n07753592_7427-3.svg, Error: no element found: line 33, column 0
2025-07-04 01:46:11,735 - ERROR - Error processing file: E:\Dataset\Sketchy\sketches_svg\bat\n02139199_7674-1.svg, Error: not well-formed (invalid token): line 54, column 86
2025-07-04 01:46:11,737 - ERROR - Error processing file: E:\Dataset\Sketchy\sketches_svg\bat\n02139199_7674-2.svg, Error: not well-formed (invalid token): line 57, column 86
2025-07-04 01:46:11,738 - ERROR - Error processing file: E:\Dataset\Sketchy\sketches_svg\bat\n02139199_7674-3.svg, Error: not well-formed (invalid token): line 47, column 86
2025-07-04 01:46:11,739 - ERROR - Error processing file: E:\Dataset\Sketchy\sketches_svg\bat\n02139199_7674-4.svg, Error: not well-formed (invalid token): line 51, column 86
2025-07-04 01:46:11,740 - ERROR - Error processing file: E:\Dataset\Sketchy\sketches_svg\bat\n02139199_7674-5.svg, Error: not well-formed (invalid token): line 41, column 86
2025-07-04 01:46:17,558 - ERROR - Error processing file: E:\Dataset\Sketchy\sketches_svg\bear\n02131653_1550-3.svg, Error: no element found: line 57, column 0
2025-07-04 01:46:18,924 - ERROR - Error processing file: E:\Dataset\Sketchy\sketches_svg\bear\n02131653_2786-3.svg, Error: no element found: line 45, column 0
2025-07-04 01:46:21,816 - ERROR - Error processing file: E:\Dataset\Sketchy\sketches_svg\bear\n02131653_7430-1.svg, Error: no element found: line 108, column 0
2025-07-04 01:46:23,788 - ERROR - Error processing file: E:\Dataset\Sketchy\sketches_svg\bear\n02131653_9118-3.svg, Error: no element found: line 87, column 0
2025-07-04 01:46:24,248 - ERROR - Error processing file: E:\Dataset\Sketchy\sketches_svg\bee\n02206856_1111-2.svg, Error: no element found: line 57, column 0
2025-07-04 01:46:24,249 - ERROR - Error processing file: E:\Dataset\Sketchy\sketches_svg\bee\n02206856_1111-3.svg, Error: no element found: line 37, column 0
2025-07-04 01:46:24,250 - ERROR - Error processing file: E:\Dataset\Sketchy\sketches_svg\bee\n02206856_1111-4.svg, Error: no element found: line 53, column 0
2025-07-04 01:46:24,608 - ERROR - Error processing file: E:\Dataset\Sketchy\sketches_svg\bee\n02206856_12747-2.svg, Error: no element found: line 46, column 0
2025-07-04 01:46:24,811 - ERROR - Error processing file: E:\Dataset\Sketchy\sketches_svg\bee\n02206856_1706-3.svg, Error: no element found: line 47, column 0
2025-07-04 01:46:24,813 - ERROR - Error processing file: E:\Dataset\Sketchy\sketches_svg\bee\n02206856_1706-4.svg, Error: no element found: line 48, column 0
2025-07-04 01:46:24,926 - ERROR - Error processing file: E:\Dataset\Sketchy\sketches_svg\bee\n02206856_1815-1.svg, Error: no element found: line 42, column 0
2025-07-04 01:46:24,955 - ERROR - Error processing file: E:\Dataset\Sketchy\sketches_svg\bee\n02206856_1815-4.svg, Error: no element found: line 50, column 0
2025-07-04 01:46:25,351 - ERROR - Error processing file: E:\Dataset\Sketchy\sketches_svg\bee\n02206856_2150-3.svg, Error: no element found: line 49, column 0
2025-07-04 01:46:25,757 - ERROR - Error processing file: E:\Dataset\Sketchy\sketches_svg\bee\n02206856_2419-2.svg, Error: no element found: line 66, column 0
2025-07-04 01:46:26,612 - ERROR - Error processing file: E:\Dataset\Sketchy\sketches_svg\bee\n02206856_3457-1.svg, Error: no element found: line 44, column 0
2025-07-04 01:46:26,631 - ERROR - Error processing file: E:\Dataset\Sketchy\sketches_svg\bee\n02206856_3457-3.svg, Error: no element found: line 46, column 0
2025-07-04 01:46:28,552 - ERROR - Error processing file: E:\Dataset\Sketchy\sketches_svg\bee\n02206856_617-1.svg, Error: no element found: line 67, column 0
2025-07-04 01:46:28,564 - ERROR - Error processing file: E:\Dataset\Sketchy\sketches_svg\bee\n02206856_617-3.svg, Error: no element found: line 81, column 0
2025-07-04 01:46:28,672 - ERROR - Error processing file: E:\Dataset\Sketchy\sketches_svg\bee\n02206856_6246-3.svg, Error: no element found: line 53, column 0
2025-07-04 01:46:29,156 - ERROR - Error processing file: E:\Dataset\Sketchy\sketches_svg\bee\n02206856_6708-1.svg, Error: no element found: line 41, column 0
2025-07-04 01:46:30,247 - ERROR - Error processing file: E:\Dataset\Sketchy\sketches_svg\bee\n02206856_8247-2.svg, Error: no element found: line 39, column 0
2025-07-04 01:46:30,414 - ERROR - Error processing file: E:\Dataset\Sketchy\sketches_svg\bee\n02206856_8407-3.svg, Error: no element found: line 38, column 0
2025-07-04 01:46:30,510 - ERROR - Error processing file: E:\Dataset\Sketchy\sketches_svg\bee\n02206856_8544-4.svg, Error: no element found: line 54, column 0
2025-07-04 01:46:49,616 - ERROR - Error processing file: E:\Dataset\Sketchy\sketches_svg\bicycle\n02834778_10391-3.svg, Error: no element found: line 52, column 0
2025-07-04 01:46:50,031 - ERROR - Error processing file: E:\Dataset\Sketchy\sketches_svg\bicycle\n02834778_11097-1.svg, Error: no element found: line 62, column 0
2025-07-04 01:46:50,032 - ERROR - Error processing file: E:\Dataset\Sketchy\sketches_svg\bicycle\n02834778_11097-2.svg, Error: no element found: line 48, column 0
2025-07-04 01:46:50,254 - ERROR - Error processing file: E:\Dataset\Sketchy\sketches_svg\bicycle\n02834778_1127-2.svg, Error: no element found: line 51, column 0
2025-07-04 01:46:50,295 - ERROR - Error processing file: E:\Dataset\Sketchy\sketches_svg\bicycle\n02834778_1127-5.svg, Error: no element found: line 37, column 0
2025-07-04 01:46:51,623 - ERROR - Error processing file: E:\Dataset\Sketchy\sketches_svg\bicycle\n02834778_12430-2.svg, Error: no element found: line 78, column 0
2025-07-04 01:46:51,806 - ERROR - Error processing file: E:\Dataset\Sketchy\sketches_svg\bicycle\n02834778_12604-2.svg, Error: no element found: line 62, column 0
2025-07-04 01:46:51,808 - ERROR - Error processing file: E:\Dataset\Sketchy\sketches_svg\bicycle\n02834778_12604-3.svg, Error: no element found: line 60, column 0
2025-07-04 01:46:54,215 - ERROR - Error processing file: E:\Dataset\Sketchy\sketches_svg\bicycle\n02834778_53747-2.svg, Error: no element found: line 69, column 0
2025-07-04 01:46:54,379 - ERROR - Error processing file: E:\Dataset\Sketchy\sketches_svg\bicycle\n02834778_6092-2.svg, Error: no element found: line 99, column 0
2025-07-04 01:46:54,391 - ERROR - Error processing file: E:\Dataset\Sketchy\sketches_svg\bicycle\n02834778_6092-4.svg, Error: no element found: line 105, column 0
2025-07-04 01:46:54,690 - ERROR - Error processing file: E:\Dataset\Sketchy\sketches_svg\bicycle\n02834778_642-4.svg, Error: no element found: line 64, column 0
2025-07-04 01:46:54,909 - ERROR - Error processing file: E:\Dataset\Sketchy\sketches_svg\bicycle\n02834778_6712-3.svg, Error: no element found: line 125, column 0
2025-07-04 01:47:01,207 - ERROR - Error processing file: E:\Dataset\Sketchy\sketches_svg\blimp\n02850950_11805-4.svg, Error: no element found: line 40, column 0
2025-07-04 01:47:02,134 - ERROR - Error processing file: E:\Dataset\Sketchy\sketches_svg\blimp\n02850950_13429-3.svg, Error: no element found: line 48, column 0
2025-07-04 01:47:02,354 - ERROR - Error processing file: E:\Dataset\Sketchy\sketches_svg\blimp\n02850950_13731-1.svg, Error: no element found: line 48, column 0
2025-07-04 01:47:02,661 - ERROR - Error processing file: E:\Dataset\Sketchy\sketches_svg\blimp\n02850950_14050-1.svg, Error: no element found: line 48, column 0
2025-07-04 01:47:02,842 - ERROR - Error processing file: E:\Dataset\Sketchy\sketches_svg\blimp\n02850950_15179-2.svg, Error: no element found: line 42, column 0
2025-07-04 01:47:04,283 - ERROR - Error processing file: E:\Dataset\Sketchy\sketches_svg\blimp\n02850950_19921-3.svg, Error: no element found: line 54, column 0
2025-07-04 01:47:06,471 - ERROR - Error processing file: E:\Dataset\Sketchy\sketches_svg\blimp\n02850950_9418-4.svg, Error: no element found: line 45, column 0
2025-07-04 01:47:06,629 - ERROR - Error processing file: E:\Dataset\Sketchy\sketches_svg\blimp\n02850950_9836-2.svg, Error: no element found: line 53, column 0
2025-07-04 01:47:06,630 - ERROR - Error processing file: E:\Dataset\Sketchy\sketches_svg\blimp\n02850950_9836-3.svg, Error: no element found: line 44, column 0
2025-07-04 01:47:13,229 - ERROR - Error processing file: E:\Dataset\Sketchy\sketches_svg\butterfly\n02274259_12982-4.svg, Error: no element found: line 59, column 0
2025-07-04 01:47:13,861 - ERROR - Error processing file: E:\Dataset\Sketchy\sketches_svg\butterfly\n02274259_14699-1.svg, Error: no element found: line 54, column 0
2025-07-04 01:47:14,174 - ERROR - Error processing file: E:\Dataset\Sketchy\sketches_svg\butterfly\n02274259_15265-1.svg, Error: no element found: line 43, column 0
2025-07-04 01:47:15,421 - ERROR - Error processing file: E:\Dataset\Sketchy\sketches_svg\butterfly\n02274259_18829-4.svg, Error: no element found: line 45, column 0
2025-07-04 01:47:15,695 - ERROR - Error processing file: E:\Dataset\Sketchy\sketches_svg\butterfly\n02274259_19124-2.svg, Error: no element found: line 41, column 0
2025-07-04 01:47:16,138 - ERROR - Error processing file: E:\Dataset\Sketchy\sketches_svg\butterfly\n02274259_19616-2.svg, Error: no element found: line 45, column 0
2025-07-04 01:47:16,708 - ERROR - Error processing file: E:\Dataset\Sketchy\sketches_svg\butterfly\n02274259_22284-3.svg, Error: no element found: line 49, column 0
2025-07-04 01:47:16,709 - ERROR - Error processing file: E:\Dataset\Sketchy\sketches_svg\butterfly\n02274259_22284-4.svg, Error: no element found: line 37, column 0
2025-07-04 01:47:16,710 - ERROR - Error processing file: E:\Dataset\Sketchy\sketches_svg\butterfly\n02274259_22284-5.svg, Error: no element found: line 39, column 0
2025-07-04 01:47:17,379 - ERROR - Error processing file: E:\Dataset\Sketchy\sketches_svg\butterfly\n02274259_3643-3.svg, Error: no element found: line 39, column 0
2025-07-04 01:47:17,465 - ERROR - Error processing file: E:\Dataset\Sketchy\sketches_svg\butterfly\n02274259_4563-2.svg, Error: no element found: line 51, column 0
2025-07-04 01:47:17,466 - ERROR - Error processing file: E:\Dataset\Sketchy\sketches_svg\butterfly\n02274259_4563-3.svg, Error: no element found: line 49, column 0
2025-07-04 01:47:18,662 - ERROR - Error processing file: E:\Dataset\Sketchy\sketches_svg\butterfly\n02274259_6495-2.svg, Error: no element found: line 56, column 0
2025-07-04 01:47:29,607 - ERROR - Error processing file: E:\Dataset\Sketchy\sketches_svg\camel\n02437136_152-3.svg, Error: no element found: line 48, column 0
2025-07-04 01:47:29,948 - ERROR - Error processing file: E:\Dataset\Sketchy\sketches_svg\camel\n02437136_1941-3.svg, Error: no element found: line 111, column 0
2025-07-04 01:47:31,793 - ERROR - Error processing file: E:\Dataset\Sketchy\sketches_svg\camel\n02437136_4393-4.svg, Error: no element found: line 50, column 0
2025-07-04 01:47:34,855 - ERROR - Error processing file: E:\Dataset\Sketchy\sketches_svg\camel\n02437136_4995-4.svg, Error: no element found: line 52, column 0
2025-07-04 01:47:36,206 - ERROR - Error processing file: E:\Dataset\Sketchy\sketches_svg\camel\n02437136_594-1.svg, Error: no element found: line 64, column 0
2025-07-04 01:47:36,691 - ERROR - Error processing file: E:\Dataset\Sketchy\sketches_svg\camel\n02437136_666-3.svg, Error: no element found: line 62, column 0
2025-07-04 01:47:38,480 - ERROR - Error processing file: E:\Dataset\Sketchy\sketches_svg\candle\n02948072_1674-1.svg, Error: not well-formed (invalid token): line 4, column 88
2025-07-04 01:47:38,480 - ERROR - Error processing file: E:\Dataset\Sketchy\sketches_svg\candle\n02948072_1674-2.svg, Error: not well-formed (invalid token): line 4, column 88
2025-07-04 01:47:38,481 - ERROR - Error processing file: E:\Dataset\Sketchy\sketches_svg\candle\n02948072_1674-3.svg, Error: not well-formed (invalid token): line 4, column 88
2025-07-04 01:47:38,481 - ERROR - Error processing file: E:\Dataset\Sketchy\sketches_svg\candle\n02948072_1674-4.svg, Error: not well-formed (invalid token): line 4, column 88
2025-07-04 01:47:38,482 - ERROR - Error processing file: E:\Dataset\Sketchy\sketches_svg\candle\n02948072_1674-5.svg, Error: not well-formed (invalid token): line 4, column 88
2025-07-04 01:47:51,530 - ERROR - Error processing file: E:\Dataset\Sketchy\sketches_svg\car_(sedan)\n04166281_13380-1.svg, Error: no element found: line 56, column 0
2025-07-04 01:47:51,874 - ERROR - Error processing file: E:\Dataset\Sketchy\sketches_svg\car_(sedan)\n04166281_1917-1.svg, Error: no element found: line 66, column 0
2025-07-04 01:47:51,875 - ERROR - Error processing file: E:\Dataset\Sketchy\sketches_svg\car_(sedan)\n04166281_1917-2.svg, Error: no element found: line 42, column 0
2025-07-04 01:47:52,947 - ERROR - Error processing file: E:\Dataset\Sketchy\sketches_svg\car_(sedan)\n04166281_2502-3.svg, Error: no element found: line 44, column 0
2025-07-04 01:47:54,670 - ERROR - Error processing file: E:\Dataset\Sketchy\sketches_svg\car_(sedan)\n04166281_4975-2.svg, Error: no element found: line 44, column 0
2025-07-04 01:47:55,335 - ERROR - Error processing file: E:\Dataset\Sketchy\sketches_svg\car_(sedan)\n04166281_5438-2.svg, Error: no element found: line 50, column 0
2025-07-04 01:47:55,454 - ERROR - Error processing file: E:\Dataset\Sketchy\sketches_svg\car_(sedan)\n04166281_5506-1.svg, Error: no element found: line 49, column 0
2025-07-04 01:47:56,421 - ERROR - Error processing file: E:\Dataset\Sketchy\sketches_svg\car_(sedan)\n04166281_6358-1.svg, Error: no element found: line 37, column 0
2025-07-04 01:48:08,155 - ERROR - Error processing file: E:\Dataset\Sketchy\sketches_svg\cat\n02121620_1506-1.svg, Error: no element found: line 114, column 0
2025-07-04 01:48:08,200 - ERROR - Error processing file: E:\Dataset\Sketchy\sketches_svg\cat\n02121620_1506-4.svg, Error: no element found: line 53, column 0
2025-07-04 01:48:09,667 - ERROR - Error processing file: E:\Dataset\Sketchy\sketches_svg\cat\n02121620_2212-1.svg, Error: no element found: line 44, column 0
2025-07-04 01:48:10,410 - ERROR - Error processing file: E:\Dataset\Sketchy\sketches_svg\cat\n02121620_26845-3.svg, Error: no element found: line 69, column 0
2025-07-04 01:48:10,839 - ERROR - Error processing file: E:\Dataset\Sketchy\sketches_svg\cat\n02121620_28944-3.svg, Error: no element found: line 51, column 0
2025-07-04 01:48:12,154 - ERROR - Error processing file: E:\Dataset\Sketchy\sketches_svg\cat\n02121620_3464-2.svg, Error: no element found: line 61, column 0
2025-07-04 01:48:12,679 - ERROR - Error processing file: E:\Dataset\Sketchy\sketches_svg\cat\n02121620_4315-2.svg, Error: no element found: line 116, column 0
2025-07-04 01:48:13,341 - ERROR - Error processing file: E:\Dataset\Sketchy\sketches_svg\cat\n02121620_5062-3.svg, Error: no element found: line 53, column 0
2025-07-04 01:48:13,424 - ERROR - Error processing file: E:\Dataset\Sketchy\sketches_svg\cat\n02121620_5067-1.svg, Error: no element found: line 62, column 0
2025-07-04 01:48:14,041 - ERROR - Error processing file: E:\Dataset\Sketchy\sketches_svg\cat\n02121620_5115-3.svg, Error: no element found: line 63, column 0
2025-07-04 01:48:14,053 - ERROR - Error processing file: E:\Dataset\Sketchy\sketches_svg\cat\n02121620_5115-5.svg, Error: no element found: line 49, column 0
2025-07-04 01:48:14,177 - ERROR - Error processing file: E:\Dataset\Sketchy\sketches_svg\cat\n02121620_5176-1.svg, Error: no element found: line 50, column 0
2025-07-04 01:48:19,810 - ERROR - Error processing file: E:\Dataset\Sketchy\sketches_svg\chair\n03001627_1077-1.svg, Error: no element found: line 43, column 0
2025-07-04 01:48:20,511 - ERROR - Error processing file: E:\Dataset\Sketchy\sketches_svg\chair\n03001627_1556-3.svg, Error: no element found: line 77, column 0
2025-07-04 01:48:20,627 - ERROR - Error processing file: E:\Dataset\Sketchy\sketches_svg\chair\n03001627_15880-1.svg, Error: no element found: line 53, column 0
2025-07-04 01:48:20,646 - ERROR - Error processing file: E:\Dataset\Sketchy\sketches_svg\chair\n03001627_15880-3.svg, Error: no element found: line 37, column 0
2025-07-04 01:48:22,327 - ERROR - Error processing file: E:\Dataset\Sketchy\sketches_svg\chair\n03001627_254-2.svg, Error: no element found: line 44, column 0
2025-07-04 01:48:23,930 - ERROR - Error processing file: E:\Dataset\Sketchy\sketches_svg\chair\n03001627_5399-2.svg, Error: no element found: line 43, column 0
2025-07-04 01:48:25,142 - ERROR - Error processing file: E:\Dataset\Sketchy\sketches_svg\chicken\n01791625_10056-1.svg, Error: no element found: line 50, column 0
2025-07-04 01:48:25,166 - ERROR - Error processing file: E:\Dataset\Sketchy\sketches_svg\chicken\n01791625_10056-2.svg, Error: no element found: line 45, column 0
2025-07-04 01:48:25,169 - ERROR - Error processing file: E:\Dataset\Sketchy\sketches_svg\chicken\n01791625_10056-3.svg, Error: no element found: line 64, column 0
2025-07-04 01:48:25,506 - ERROR - Error processing file: E:\Dataset\Sketchy\sketches_svg\chicken\n01791625_10275-2.svg, Error: no element found: line 52, column 0
2025-07-04 01:48:27,075 - ERROR - Error processing file: E:\Dataset\Sketchy\sketches_svg\chicken\n01791625_15751-1.svg, Error: no element found: line 55, column 0
2025-07-04 01:48:27,411 - ERROR - Error processing file: E:\Dataset\Sketchy\sketches_svg\chicken\n01791625_16028-3.svg, Error: no element found: line 47, column 0
2025-07-04 01:48:28,092 - ERROR - Error processing file: E:\Dataset\Sketchy\sketches_svg\chicken\n01791625_16957-2.svg, Error: no element found: line 45, column 0
2025-07-04 01:48:28,093 - ERROR - Error processing file: E:\Dataset\Sketchy\sketches_svg\chicken\n01791625_16957-3.svg, Error: no element found: line 61, column 0
2025-07-04 01:48:28,879 - ERROR - Error processing file: E:\Dataset\Sketchy\sketches_svg\chicken\n01791625_18356-3.svg, Error: no element found: line 111, column 0
2025-07-04 01:48:30,008 - ERROR - Error processing file: E:\Dataset\Sketchy\sketches_svg\chicken\n01791625_3224-3.svg, Error: no element found: line 34, column 0
2025-07-04 01:48:30,935 - ERROR - Error processing file: E:\Dataset\Sketchy\sketches_svg\chicken\n01791625_4774-2.svg, Error: no element found: line 49, column 0
2025-07-04 01:48:32,414 - ERROR - Error processing file: E:\Dataset\Sketchy\sketches_svg\chicken\n01791625_8328-5.svg, Error: no element found: line 52, column 0
2025-07-04 01:48:32,862 - ERROR - Error processing file: E:\Dataset\Sketchy\sketches_svg\chicken\n01791625_9216-2.svg, Error: no element found: line 59, column 0
2025-07-04 01:48:33,345 - ERROR - Error processing file: E:\Dataset\Sketchy\sketches_svg\chicken\n01791625_9884-4.svg, Error: no element found: line 43, column 0
2025-07-04 01:48:33,347 - ERROR - Error processing file: E:\Dataset\Sketchy\sketches_svg\chicken\n01791625_9884-5.svg, Error: no element found: line 58, column 0
2025-07-04 01:48:38,153 - ERROR - Error processing file: E:\Dataset\Sketchy\sketches_svg\church\n03028079_29875-5.svg, Error: not well-formed (invalid token): line 20, column 92
2025-07-04 01:48:42,373 - ERROR - Error processing file: E:\Dataset\Sketchy\sketches_svg\couch\n04256520_11786-1.svg, Error: no element found: line 42, column 0
2025-07-04 01:48:44,449 - ERROR - Error processing file: E:\Dataset\Sketchy\sketches_svg\couch\n04256520_15457-5.svg, Error: no element found: line 56, column 0
2025-07-04 01:48:45,344 - ERROR - Error processing file: E:\Dataset\Sketchy\sketches_svg\couch\n04256520_19521-2.svg, Error: no element found: line 52, column 0
2025-07-04 01:48:45,918 - ERROR - Error processing file: E:\Dataset\Sketchy\sketches_svg\couch\n04256520_21098-2.svg, Error: no element found: line 49, column 0
2025-07-04 01:48:46,532 - ERROR - Error processing file: E:\Dataset\Sketchy\sketches_svg\couch\n04256520_22692-1.svg, Error: no element found: line 59, column 0
2025-07-04 01:48:49,190 - ERROR - Error processing file: E:\Dataset\Sketchy\sketches_svg\couch\n04256520_31110-4.svg, Error: no element found: line 51, column 0
2025-07-04 01:48:50,518 - ERROR - Error processing file: E:\Dataset\Sketchy\sketches_svg\couch\n04256520_4950-3.svg, Error: no element found: line 36, column 0
2025-07-04 01:48:51,143 - ERROR - Error processing file: E:\Dataset\Sketchy\sketches_svg\couch\n04256520_8346-6.svg, Error: not well-formed (invalid token): line 17, column 57
2025-07-04 01:48:51,847 - ERROR - Error processing file: E:\Dataset\Sketchy\sketches_svg\cow\n01887787_10513-5.svg, Error: no element found: line 58, column 0
2025-07-04 01:48:52,630 - ERROR - Error processing file: E:\Dataset\Sketchy\sketches_svg\cow\n01887787_11557-2.svg, Error: no element found: line 67, column 0
2025-07-04 01:48:52,947 - ERROR - Error processing file: E:\Dataset\Sketchy\sketches_svg\cow\n01887787_1272-1.svg, Error: no element found: line 53, column 0
2025-07-04 01:48:53,643 - ERROR - Error processing file: E:\Dataset\Sketchy\sketches_svg\cow\n01887787_1489-4.svg, Error: no element found: line 71, column 0
2025-07-04 01:48:53,644 - ERROR - Error processing file: E:\Dataset\Sketchy\sketches_svg\cow\n01887787_1489-5.svg, Error: no element found: line 49, column 0
2025-07-04 01:48:54,194 - ERROR - Error processing file: E:\Dataset\Sketchy\sketches_svg\cow\n01887787_182-5.svg, Error: no element found: line 63, column 0
2025-07-04 01:48:54,550 - ERROR - Error processing file: E:\Dataset\Sketchy\sketches_svg\cow\n01887787_2199-3.svg, Error: no element found: line 71, column 0
2025-07-04 01:48:55,448 - ERROR - Error processing file: E:\Dataset\Sketchy\sketches_svg\cow\n01887787_4367-2.svg, Error: no element found: line 52, column 0
2025-07-04 01:48:55,597 - ERROR - Error processing file: E:\Dataset\Sketchy\sketches_svg\cow\n01887787_4550-3.svg, Error: no element found: line 54, column 0
2025-07-04 01:48:56,741 - ERROR - Error processing file: E:\Dataset\Sketchy\sketches_svg\cow\n01887787_591-2.svg, Error: no element found: line 51, column 0
2025-07-04 01:48:57,100 - ERROR - Error processing file: E:\Dataset\Sketchy\sketches_svg\cow\n01887787_632-3.svg, Error: no element found: line 60, column 0
2025-07-04 01:48:57,110 - ERROR - Error processing file: E:\Dataset\Sketchy\sketches_svg\cow\n01887787_632-5.svg, Error: no element found: line 46, column 0
2025-07-04 01:48:57,396 - ERROR - Error processing file: E:\Dataset\Sketchy\sketches_svg\cow\n01887787_7620-2.svg, Error: no element found: line 57, column 0
2025-07-04 01:49:00,056 - ERROR - Error processing file: E:\Dataset\Sketchy\sketches_svg\cow\n02404186_923-8.svg, Error: no element found: line 61, column 0
2025-07-04 01:49:20,159 - ERROR - Error processing file: E:\Dataset\Sketchy\sketches_svg\cup\n03147509_11467-3.svg, Error: no element found: line 38, column 0
2025-07-04 01:49:20,654 - ERROR - Error processing file: E:\Dataset\Sketchy\sketches_svg\cup\n03147509_12690-2.svg, Error: no element found: line 33, column 0
2025-07-04 01:49:20,788 - ERROR - Error processing file: E:\Dataset\Sketchy\sketches_svg\cup\n03147509_13746-3.svg, Error: no element found: line 41, column 0
2025-07-04 01:49:22,584 - ERROR - Error processing file: E:\Dataset\Sketchy\sketches_svg\cup\n03147509_21736-3.svg, Error: no element found: line 35, column 0
2025-07-04 01:49:22,585 - ERROR - Error processing file: E:\Dataset\Sketchy\sketches_svg\cup\n03147509_21736-4.svg, Error: no element found: line 35, column 0
2025-07-04 01:49:22,633 - ERROR - Error processing file: E:\Dataset\Sketchy\sketches_svg\cup\n03147509_21910-1.svg, Error: no element found: line 34, column 0
2025-07-04 01:49:22,732 - ERROR - Error processing file: E:\Dataset\Sketchy\sketches_svg\cup\n03147509_319-1.svg, Error: no element found: line 32, column 0
2025-07-04 01:49:23,303 - ERROR - Error processing file: E:\Dataset\Sketchy\sketches_svg\cup\n03147509_529-4.svg, Error: no element found: line 38, column 0
2025-07-04 01:49:23,378 - ERROR - Error processing file: E:\Dataset\Sketchy\sketches_svg\cup\n03147509_5639-4.svg, Error: no element found: line 34, column 0
2025-07-04 01:49:24,191 - ERROR - Error processing file: E:\Dataset\Sketchy\sketches_svg\cup\n03147509_9755-1.svg, Error: no element found: line 37, column 0
2025-07-04 01:49:24,192 - ERROR - Error processing file: E:\Dataset\Sketchy\sketches_svg\cup\n03147509_9755-2.svg, Error: no element found: line 32, column 0
2025-07-04 01:49:31,915 - ERROR - Error processing file: E:\Dataset\Sketchy\sketches_svg\dog\n02103406_1138-4.svg, Error: no element found: line 50, column 0
2025-07-04 01:49:32,911 - ERROR - Error processing file: E:\Dataset\Sketchy\sketches_svg\dog\n02103406_3255-1.svg, Error: no element found: line 31, column 0
2025-07-04 01:49:32,959 - ERROR - Error processing file: E:\Dataset\Sketchy\sketches_svg\dog\n02103406_3255-3.svg, Error: no element found: line 35, column 0
2025-07-04 01:49:33,050 - ERROR - Error processing file: E:\Dataset\Sketchy\sketches_svg\dog\n02103406_3299-1.svg, Error: no element found: line 52, column 0
2025-07-04 01:49:33,757 - ERROR - Error processing file: E:\Dataset\Sketchy\sketches_svg\dog\n02103406_371-2.svg, Error: no element found: line 48, column 0
2025-07-04 01:49:33,856 - ERROR - Error processing file: E:\Dataset\Sketchy\sketches_svg\dog\n02103406_3743-1.svg, Error: no element found: line 100, column 0
2025-07-04 01:49:34,369 - ERROR - Error processing file: E:\Dataset\Sketchy\sketches_svg\dog\n02103406_4849-2.svg, Error: no element found: line 57, column 0
2025-07-04 01:49:34,380 - ERROR - Error processing file: E:\Dataset\Sketchy\sketches_svg\dog\n02103406_4849-4.svg, Error: no element found: line 41, column 0
2025-07-04 01:49:34,816 - ERROR - Error processing file: E:\Dataset\Sketchy\sketches_svg\dog\n02103406_5456-4.svg, Error: no element found: line 39, column 0
2025-07-04 01:49:35,535 - ERROR - Error processing file: E:\Dataset\Sketchy\sketches_svg\dog\n02103406_6688-3.svg, Error: no element found: line 115, column 0
2025-07-04 01:49:36,081 - ERROR - Error processing file: E:\Dataset\Sketchy\sketches_svg\dog\n02103406_7521-1.svg, Error: no element found: line 50, column 0
2025-07-04 01:49:36,094 - ERROR - Error processing file: E:\Dataset\Sketchy\sketches_svg\dog\n02103406_7521-3.svg, Error: no element found: line 47, column 0
2025-07-04 01:49:36,172 - ERROR - Error processing file: E:\Dataset\Sketchy\sketches_svg\dog\n02103406_7708-1.svg, Error: no element found: line 51, column 0
2025-07-04 01:49:36,326 - ERROR - Error processing file: E:\Dataset\Sketchy\sketches_svg\dog\n02103406_8004-3.svg, Error: no element found: line 63, column 0
2025-07-04 01:49:36,507 - ERROR - Error processing file: E:\Dataset\Sketchy\sketches_svg\dog\n02103406_8362-3.svg, Error: no element found: line 66, column 0
2025-07-04 01:49:36,689 - ERROR - Error processing file: E:\Dataset\Sketchy\sketches_svg\dog\n02103406_865-2.svg, Error: no element found: line 56, column 0
2025-07-04 01:49:36,701 - ERROR - Error processing file: E:\Dataset\Sketchy\sketches_svg\dog\n02103406_865-4.svg, Error: no element found: line 47, column 0
2025-07-04 01:49:54,518 - ERROR - Error processing file: E:\Dataset\Sketchy\sketches_svg\duck\n01846331_12690-4.svg, Error: no element found: line 45, column 0
2025-07-04 01:49:56,450 - ERROR - Error processing file: E:\Dataset\Sketchy\sketches_svg\duck\n01846331_16017-1.svg, Error: no element found: line 43, column 0
2025-07-04 01:49:56,619 - ERROR - Error processing file: E:\Dataset\Sketchy\sketches_svg\duck\n01846331_16182-4.svg, Error: no element found: line 37, column 0
2025-07-04 01:49:57,768 - ERROR - Error processing file: E:\Dataset\Sketchy\sketches_svg\duck\n01846331_2629-1.svg, Error: no element found: line 41, column 0
2025-07-04 01:50:01,146 - ERROR - Error processing file: E:\Dataset\Sketchy\sketches_svg\duck\n01846331_8938-4.svg, Error: no element found: line 44, column 0
2025-07-04 01:50:01,230 - ERROR - Error processing file: E:\Dataset\Sketchy\sketches_svg\duck\n01846331_8946-3.svg, Error: no element found: line 64, column 0
2025-07-04 01:50:01,697 - ERROR - Error processing file: E:\Dataset\Sketchy\sketches_svg\elephant\n02503517_10036-4.svg, Error: no element found: line 48, column 0
2025-07-04 01:50:02,871 - ERROR - Error processing file: E:\Dataset\Sketchy\sketches_svg\elephant\n02503517_11873-1.svg, Error: no element found: line 54, column 0
2025-07-04 01:50:05,088 - ERROR - Error processing file: E:\Dataset\Sketchy\sketches_svg\elephant\n02503517_3108-3.svg, Error: no element found: line 48, column 0
2025-07-04 01:50:05,373 - ERROR - Error processing file: E:\Dataset\Sketchy\sketches_svg\elephant\n02503517_3808-1.svg, Error: no element found: line 52, column 0
2025-07-04 01:50:05,714 - ERROR - Error processing file: E:\Dataset\Sketchy\sketches_svg\elephant\n02503517_4247-2.svg, Error: no element found: line 63, column 0
2025-07-04 01:50:49,160 - ERROR - Error processing file: E:\Dataset\Sketchy\sketches_svg\geyser\n09288635_1624-1.svg, Error: not well-formed (invalid token): line 4, column 58
2025-07-04 01:50:49,161 - ERROR - Error processing file: E:\Dataset\Sketchy\sketches_svg\geyser\n09288635_1624-2.svg, Error: not well-formed (invalid token): line 4, column 58
2025-07-04 01:50:49,161 - ERROR - Error processing file: E:\Dataset\Sketchy\sketches_svg\geyser\n09288635_1624-3.svg, Error: not well-formed (invalid token): line 4, column 58
2025-07-04 01:50:49,162 - ERROR - Error processing file: E:\Dataset\Sketchy\sketches_svg\geyser\n09288635_1624-4.svg, Error: not well-formed (invalid token): line 4, column 58
2025-07-04 01:50:49,162 - ERROR - Error processing file: E:\Dataset\Sketchy\sketches_svg\geyser\n09288635_1624-5.svg, Error: not well-formed (invalid token): line 4, column 58
2025-07-04 01:50:54,024 - ERROR - Error processing file: E:\Dataset\Sketchy\sketches_svg\giraffe\n02439033_11845-2.svg, Error: no element found: line 37, column 0
2025-07-04 01:50:59,161 - ERROR - Error processing file: E:\Dataset\Sketchy\sketches_svg\giraffe\n02439033_628-1.svg, Error: no element found: line 53, column 0
2025-07-04 01:50:59,174 - ERROR - Error processing file: E:\Dataset\Sketchy\sketches_svg\giraffe\n02439033_628-2.svg, Error: no element found: line 42, column 0
2025-07-04 01:51:14,685 - ERROR - Error processing file: E:\Dataset\Sketchy\sketches_svg\hammer\n03481172_11270-2.svg, Error: no element found: line 42, column 0
2025-07-04 01:51:14,688 - ERROR - Error processing file: E:\Dataset\Sketchy\sketches_svg\hammer\n03481172_11270-3.svg, Error: no element found: line 58, column 0
2025-07-04 01:51:15,978 - ERROR - Error processing file: E:\Dataset\Sketchy\sketches_svg\hammer\n03481172_16559-3.svg, Error: no element found: line 53, column 0
2025-07-04 01:51:16,314 - ERROR - Error processing file: E:\Dataset\Sketchy\sketches_svg\hammer\n03481172_18745-2.svg, Error: no element found: line 34, column 0
2025-07-04 01:51:17,606 - ERROR - Error processing file: E:\Dataset\Sketchy\sketches_svg\hammer\n03481172_29852-1.svg, Error: no element found: line 46, column 0
2025-07-04 01:51:17,656 - ERROR - Error processing file: E:\Dataset\Sketchy\sketches_svg\hammer\n03481172_29852-5.svg, Error: no element found: line 41, column 0
2025-07-04 01:51:18,406 - ERROR - Error processing file: E:\Dataset\Sketchy\sketches_svg\hammer\n03481172_4260-3.svg, Error: no element found: line 35, column 0
2025-07-04 01:51:18,898 - ERROR - Error processing file: E:\Dataset\Sketchy\sketches_svg\hammer\n03481172_5593-4.svg, Error: no element found: line 36, column 0
2025-07-04 01:51:19,436 - ERROR - Error processing file: E:\Dataset\Sketchy\sketches_svg\hammer\n03481172_8941-4.svg, Error: no element found: line 44, column 0
2025-07-04 01:51:42,781 - ERROR - Error processing file: E:\Dataset\Sketchy\sketches_svg\helicopter\n03512147_1448-1.svg, Error: no element found: line 55, column 0
2025-07-04 01:51:45,336 - ERROR - Error processing file: E:\Dataset\Sketchy\sketches_svg\helicopter\n03512147_2566-4.svg, Error: no element found: line 60, column 0
2025-07-04 01:51:46,249 - ERROR - Error processing file: E:\Dataset\Sketchy\sketches_svg\helicopter\n03512147_3019-2.svg, Error: no element found: line 48, column 0
2025-07-04 01:51:48,573 - ERROR - Error processing file: E:\Dataset\Sketchy\sketches_svg\helicopter\n03512147_4431-1.svg, Error: no element found: line 52, column 0
2025-07-04 01:51:48,613 - ERROR - Error processing file: E:\Dataset\Sketchy\sketches_svg\helicopter\n03512147_4431-3.svg, Error: no element found: line 58, column 0
2025-07-04 01:51:49,218 - ERROR - Error processing file: E:\Dataset\Sketchy\sketches_svg\helicopter\n03512147_4694-5.svg, Error: no element found: line 55, column 0
2025-07-04 01:51:49,753 - ERROR - Error processing file: E:\Dataset\Sketchy\sketches_svg\helicopter\n03512147_5-5.svg, Error: no element found: line 55, column 0
2025-07-04 01:52:02,196 - ERROR - Error processing file: E:\Dataset\Sketchy\sketches_svg\horse\n02374451_12418-3.svg, Error: no element found: line 51, column 0
2025-07-04 01:52:02,377 - ERROR - Error processing file: E:\Dataset\Sketchy\sketches_svg\horse\n02374451_12792-2.svg, Error: no element found: line 47, column 0
2025-07-04 01:52:02,389 - ERROR - Error processing file: E:\Dataset\Sketchy\sketches_svg\horse\n02374451_12792-4.svg, Error: no element found: line 55, column 0
2025-07-04 01:52:03,295 - ERROR - Error processing file: E:\Dataset\Sketchy\sketches_svg\horse\n02374451_14119-1.svg, Error: no element found: line 61, column 0
2025-07-04 01:52:05,719 - ERROR - Error processing file: E:\Dataset\Sketchy\sketches_svg\horse\n02374451_2248-2.svg, Error: no element found: line 66, column 0
2025-07-04 01:52:06,264 - ERROR - Error processing file: E:\Dataset\Sketchy\sketches_svg\horse\n02374451_2616-1.svg, Error: no element found: line 80, column 0
2025-07-04 01:52:07,027 - ERROR - Error processing file: E:\Dataset\Sketchy\sketches_svg\horse\n02374451_2825-1.svg, Error: no element found: line 50, column 0
2025-07-04 01:52:13,595 - ERROR - Error processing file: E:\Dataset\Sketchy\sketches_svg\hot-air_balloon\n03541923_1075-1.svg, Error: no element found: line 40, column 0
2025-07-04 01:52:13,767 - ERROR - Error processing file: E:\Dataset\Sketchy\sketches_svg\hot-air_balloon\n03541923_1232-3.svg, Error: no element found: line 37, column 0
2025-07-04 01:52:14,361 - ERROR - Error processing file: E:\Dataset\Sketchy\sketches_svg\hot-air_balloon\n03541923_1916-1.svg, Error: no element found: line 42, column 0
2025-07-04 01:52:15,039 - ERROR - Error processing file: E:\Dataset\Sketchy\sketches_svg\hot-air_balloon\n03541923_2771-1.svg, Error: no element found: line 153, column 0
2025-07-04 01:52:15,497 - ERROR - Error processing file: E:\Dataset\Sketchy\sketches_svg\hot-air_balloon\n03541923_3219-3.svg, Error: no element found: line 52, column 0
2025-07-04 01:52:16,458 - ERROR - Error processing file: E:\Dataset\Sketchy\sketches_svg\hot-air_balloon\n03541923_3937-4.svg, Error: no element found: line 45, column 0
2025-07-04 01:52:17,635 - ERROR - Error processing file: E:\Dataset\Sketchy\sketches_svg\hot-air_balloon\n03541923_738-5.svg, Error: no element found: line 60, column 0
2025-07-04 01:52:17,797 - ERROR - Error processing file: E:\Dataset\Sketchy\sketches_svg\hot-air_balloon\n03541923_751-2.svg, Error: no element found: line 37, column 0
2025-07-04 01:52:17,798 - ERROR - Error processing file: E:\Dataset\Sketchy\sketches_svg\hot-air_balloon\n03541923_751-3.svg, Error: no element found: line 52, column 0
2025-07-04 01:52:17,814 - ERROR - Error processing file: E:\Dataset\Sketchy\sketches_svg\hot-air_balloon\n03541923_751-5.svg, Error: no element found: line 62, column 0
2025-07-04 01:52:19,767 - ERROR - Error processing file: E:\Dataset\Sketchy\sketches_svg\hotdog\n07697537_16414-1.svg, Error: no element found: line 39, column 0
2025-07-04 01:52:21,525 - ERROR - Error processing file: E:\Dataset\Sketchy\sketches_svg\hotdog\n07697537_23978-2.svg, Error: no element found: line 34, column 0
2025-07-04 01:52:21,527 - ERROR - Error processing file: E:\Dataset\Sketchy\sketches_svg\hotdog\n07697537_23978-3.svg, Error: no element found: line 44, column 0
2025-07-04 01:52:23,977 - ERROR - Error processing file: E:\Dataset\Sketchy\sketches_svg\hotdog\n07697537_6515-2.svg, Error: no element found: line 43, column 0
2025-07-04 01:52:24,061 - ERROR - Error processing file: E:\Dataset\Sketchy\sketches_svg\hotdog\n07697537_6953-1.svg, Error: no element found: line 34, column 0
2025-07-04 01:52:24,634 - ERROR - Error processing file: E:\Dataset\Sketchy\sketches_svg\hotdog\n07697537_7732-1.svg, Error: no element found: line 34, column 0
2025-07-04 01:52:24,637 - ERROR - Error processing file: E:\Dataset\Sketchy\sketches_svg\hotdog\n07697537_7732-2.svg, Error: no element found: line 69, column 0
2025-07-04 01:52:25,415 - ERROR - Error processing file: E:\Dataset\Sketchy\sketches_svg\hotdog\n07697537_9587-1.svg, Error: no element found: line 50, column 0
2025-07-04 01:52:25,425 - ERROR - Error processing file: E:\Dataset\Sketchy\sketches_svg\hotdog\n07697537_9587-2.svg, Error: no element found: line 41, column 0
2025-07-04 01:52:42,642 - ERROR - Error processing file: E:\Dataset\Sketchy\sketches_svg\jellyfish\n01910747_2047-1.svg, Error: not well-formed (invalid token): line 4, column 52
2025-07-04 01:52:42,642 - ERROR - Error processing file: E:\Dataset\Sketchy\sketches_svg\jellyfish\n01910747_2047-2.svg, Error: not well-formed (invalid token): line 4, column 52
2025-07-04 01:52:42,643 - ERROR - Error processing file: E:\Dataset\Sketchy\sketches_svg\jellyfish\n01910747_2047-3.svg, Error: not well-formed (invalid token): line 4, column 52
2025-07-04 01:52:42,643 - ERROR - Error processing file: E:\Dataset\Sketchy\sketches_svg\jellyfish\n01910747_2047-4.svg, Error: not well-formed (invalid token): line 4, column 52
2025-07-04 01:52:42,644 - ERROR - Error processing file: E:\Dataset\Sketchy\sketches_svg\jellyfish\n01910747_2047-5.svg, Error: not well-formed (invalid token): line 4, column 52
2025-07-04 01:52:47,867 - ERROR - Error processing file: E:\Dataset\Sketchy\sketches_svg\kangaroo\n01877134_10671-1.svg, Error: no element found: line 48, column 0
2025-07-04 01:52:48,474 - ERROR - Error processing file: E:\Dataset\Sketchy\sketches_svg\kangaroo\n01877134_1108-1.svg, Error: no element found: line 55, column 0
2025-07-04 01:52:48,778 - ERROR - Error processing file: E:\Dataset\Sketchy\sketches_svg\kangaroo\n01877134_11202-4.svg, Error: no element found: line 45, column 0
2025-07-04 01:52:50,769 - ERROR - Error processing file: E:\Dataset\Sketchy\sketches_svg\kangaroo\n01877134_1720-1.svg, Error: no element found: line 41, column 0
2025-07-04 01:52:51,723 - ERROR - Error processing file: E:\Dataset\Sketchy\sketches_svg\kangaroo\n01877134_389-3.svg, Error: no element found: line 51, column 0
2025-07-04 01:52:52,721 - ERROR - Error processing file: E:\Dataset\Sketchy\sketches_svg\kangaroo\n01877134_7832-3.svg, Error: no element found: line 61, column 0
2025-07-04 01:52:52,917 - ERROR - Error processing file: E:\Dataset\Sketchy\sketches_svg\kangaroo\n01877134_8285-2.svg, Error: no element found: line 51, column 0
2025-07-04 01:52:52,919 - ERROR - Error processing file: E:\Dataset\Sketchy\sketches_svg\kangaroo\n01877134_8285-3.svg, Error: no element found: line 62, column 0
2025-07-04 01:52:55,419 - ERROR - Error processing file: E:\Dataset\Sketchy\sketches_svg\kangaroo\n01877134_9945-3.svg, Error: no element found: line 55, column 0
2025-07-04 01:52:58,445 - ERROR - Error processing file: E:\Dataset\Sketchy\sketches_svg\knife\n03624134_14298-1.svg, Error: no element found: line 37, column 0
2025-07-04 01:52:58,455 - ERROR - Error processing file: E:\Dataset\Sketchy\sketches_svg\knife\n03624134_14298-3.svg, Error: no element found: line 39, column 0
2025-07-04 01:52:58,517 - ERROR - Error processing file: E:\Dataset\Sketchy\sketches_svg\knife\n03624134_14411-1.svg, Error: no element found: line 39, column 0
2025-07-04 01:52:58,804 - ERROR - Error processing file: E:\Dataset\Sketchy\sketches_svg\knife\n03624134_15055-2.svg, Error: no element found: line 43, column 0
2025-07-04 01:52:58,805 - ERROR - Error processing file: E:\Dataset\Sketchy\sketches_svg\knife\n03624134_15055-3.svg, Error: no element found: line 37, column 0
2025-07-04 01:52:59,218 - ERROR - Error processing file: E:\Dataset\Sketchy\sketches_svg\knife\n03624134_16225-4.svg, Error: no element found: line 33, column 0
2025-07-04 01:52:59,262 - ERROR - Error processing file: E:\Dataset\Sketchy\sketches_svg\knife\n03624134_16309-1.svg, Error: no element found: line 34, column 0
2025-07-04 01:52:59,502 - ERROR - Error processing file: E:\Dataset\Sketchy\sketches_svg\knife\n03624134_17503-1.svg, Error: no element found: line 35, column 0
2025-07-04 01:52:59,775 - ERROR - Error processing file: E:\Dataset\Sketchy\sketches_svg\knife\n03624134_17700-2.svg, Error: no element found: line 37, column 0
2025-07-04 01:52:59,991 - ERROR - Error processing file: E:\Dataset\Sketchy\sketches_svg\knife\n03624134_19018-4.svg, Error: no element found: line 32, column 0
2025-07-04 01:53:00,272 - ERROR - Error processing file: E:\Dataset\Sketchy\sketches_svg\knife\n03624134_19730-3.svg, Error: no element found: line 34, column 0
2025-07-04 01:53:00,273 - ERROR - Error processing file: E:\Dataset\Sketchy\sketches_svg\knife\n03624134_19730-4.svg, Error: no element found: line 33, column 0
2025-07-04 01:53:00,519 - ERROR - Error processing file: E:\Dataset\Sketchy\sketches_svg\knife\n03624134_7856-3.svg, Error: no element found: line 33, column 0
2025-07-04 01:53:00,927 - ERROR - Error processing file: E:\Dataset\Sketchy\sketches_svg\knife\n03624134_9727-2.svg, Error: no element found: line 33, column 0
2025-07-04 01:53:00,938 - ERROR - Error processing file: E:\Dataset\Sketchy\sketches_svg\knife\n03624134_9727-4.svg, Error: no element found: line 68, column 0
2025-07-04 01:53:06,332 - ERROR - Error processing file: E:\Dataset\Sketchy\sketches_svg\lion\n02129165_20870-2.svg, Error: no element found: line 64, column 0
2025-07-04 01:53:06,360 - ERROR - Error processing file: E:\Dataset\Sketchy\sketches_svg\lion\n02129165_20870-5.svg, Error: no element found: line 46, column 0
2025-07-04 01:53:06,987 - ERROR - Error processing file: E:\Dataset\Sketchy\sketches_svg\lion\n02129165_23188-5.svg, Error: no element found: line 72, column 0
2025-07-04 01:53:10,390 - ERROR - Error processing file: E:\Dataset\Sketchy\sketches_svg\lion\n02129165_7227-3.svg, Error: no element found: line 135, column 0
2025-07-04 01:53:13,071 - ERROR - Error processing file: E:\Dataset\Sketchy\sketches_svg\lizard\n01674464_11469-2.svg, Error: no element found: line 50, column 0
2025-07-04 01:53:15,273 - ERROR - Error processing file: E:\Dataset\Sketchy\sketches_svg\lizard\n01674464_4816-3.svg, Error: no element found: line 43, column 0
2025-07-04 01:53:15,343 - ERROR - Error processing file: E:\Dataset\Sketchy\sketches_svg\lizard\n01674464_5937-3.svg, Error: no element found: line 36, column 0
2025-07-04 01:53:15,395 - ERROR - Error processing file: E:\Dataset\Sketchy\sketches_svg\lizard\n01674464_6292-1.svg, Error: no element found: line 56, column 0
2025-07-04 01:53:15,480 - ERROR - Error processing file: E:\Dataset\Sketchy\sketches_svg\lizard\n01674464_6319-1.svg, Error: no element found: line 40, column 0
2025-07-04 01:53:16,017 - ERROR - Error processing file: E:\Dataset\Sketchy\sketches_svg\lizard\n01674464_7549-5.svg, Error: no element found: line 83, column 0
2025-07-04 01:53:16,232 - ERROR - Error processing file: E:\Dataset\Sketchy\sketches_svg\lizard\n01674464_927-2.svg, Error: no element found: line 35, column 0
2025-07-04 01:53:16,233 - ERROR - Error processing file: E:\Dataset\Sketchy\sketches_svg\lizard\n01674464_927-3.svg, Error: no element found: line 54, column 0
2025-07-04 01:53:27,450 - ERROR - Error processing file: E:\Dataset\Sketchy\sketches_svg\motorcycle\n03790512_11006-1.svg, Error: no element found: line 55, column 0
2025-07-04 01:53:27,479 - ERROR - Error processing file: E:\Dataset\Sketchy\sketches_svg\motorcycle\n03790512_11006-4.svg, Error: no element found: line 84, column 0
2025-07-04 01:53:29,730 - ERROR - Error processing file: E:\Dataset\Sketchy\sketches_svg\motorcycle\n03790512_14711-1.svg, Error: no element found: line 40, column 0
2025-07-04 01:53:29,754 - ERROR - Error processing file: E:\Dataset\Sketchy\sketches_svg\motorcycle\n03790512_14711-2.svg, Error: no element found: line 43, column 0
2025-07-04 01:53:32,329 - ERROR - Error processing file: E:\Dataset\Sketchy\sketches_svg\motorcycle\n03790512_3247-1.svg, Error: no element found: line 48, column 0
2025-07-04 01:53:32,393 - ERROR - Error processing file: E:\Dataset\Sketchy\sketches_svg\motorcycle\n03790512_3247-4.svg, Error: no element found: line 67, column 0
2025-07-04 01:53:32,793 - ERROR - Error processing file: E:\Dataset\Sketchy\sketches_svg\motorcycle\n03790512_345-3.svg, Error: no element found: line 67, column 0
2025-07-04 01:53:36,689 - ERROR - Error processing file: E:\Dataset\Sketchy\sketches_svg\motorcycle\n03790512_6771-3.svg, Error: no element found: line 49, column 0
2025-07-04 01:53:39,896 - ERROR - Error processing file: E:\Dataset\Sketchy\sketches_svg\mouse\n02330245_14629-2.svg, Error: no element found: line 43, column 0
2025-07-04 01:53:40,746 - ERROR - Error processing file: E:\Dataset\Sketchy\sketches_svg\mouse\n02330245_16937-5.svg, Error: no element found: line 35, column 0
2025-07-04 01:53:41,136 - ERROR - Error processing file: E:\Dataset\Sketchy\sketches_svg\mouse\n02330245_2930-1.svg, Error: no element found: line 47, column 0
2025-07-04 01:53:41,449 - ERROR - Error processing file: E:\Dataset\Sketchy\sketches_svg\mouse\n02330245_3319-2.svg, Error: no element found: line 37, column 0
2025-07-04 01:53:41,455 - ERROR - Error processing file: E:\Dataset\Sketchy\sketches_svg\mouse\n02330245_3319-3.svg, Error: no element found: line 104, column 0
2025-07-04 01:53:42,222 - ERROR - Error processing file: E:\Dataset\Sketchy\sketches_svg\mouse\n02330245_4461-5.svg, Error: no element found: line 44, column 0
2025-07-04 01:53:42,499 - ERROR - Error processing file: E:\Dataset\Sketchy\sketches_svg\mouse\n02330245_5205-3.svg, Error: no element found: line 35, column 0
2025-07-04 01:53:42,511 - ERROR - Error processing file: E:\Dataset\Sketchy\sketches_svg\mouse\n02330245_5205-5.svg, Error: no element found: line 38, column 0
2025-07-04 01:53:43,112 - ERROR - Error processing file: E:\Dataset\Sketchy\sketches_svg\mouse\n02330245_6957-3.svg, Error: no element found: line 71, column 0
2025-07-04 01:53:44,810 - ERROR - Error processing file: E:\Dataset\Sketchy\sketches_svg\mouse\n02330245_95-5.svg, Error: no element found: line 35, column 0
2025-07-04 01:53:44,858 - ERROR - Error processing file: E:\Dataset\Sketchy\sketches_svg\mouse\n02330245_9563-1.svg, Error: no element found: line 65, column 0
2025-07-04 01:53:54,070 - ERROR - Error processing file: E:\Dataset\Sketchy\sketches_svg\owl\n01621127_17425-3.svg, Error: no element found: line 55, column 0
2025-07-04 01:53:55,628 - ERROR - Error processing file: E:\Dataset\Sketchy\sketches_svg\owl\n01621127_2756-1.svg, Error: no element found: line 88, column 0
2025-07-04 01:53:55,630 - ERROR - Error processing file: E:\Dataset\Sketchy\sketches_svg\owl\n01621127_2756-2.svg, Error: no element found: line 45, column 0
2025-07-04 01:53:56,119 - ERROR - Error processing file: E:\Dataset\Sketchy\sketches_svg\owl\n01621127_4117-4.svg, Error: no element found: line 70, column 0
2025-07-04 01:53:57,743 - ERROR - Error processing file: E:\Dataset\Sketchy\sketches_svg\owl\n01621127_7601-2.svg, Error: no element found: line 55, column 0
2025-07-04 01:54:14,574 - ERROR - Error processing file: E:\Dataset\Sketchy\sketches_svg\penguin\n02056570_4309-1.svg, Error: not well-formed (invalid token): line 4, column 112
2025-07-04 01:54:14,575 - ERROR - Error processing file: E:\Dataset\Sketchy\sketches_svg\penguin\n02056570_4309-2.svg, Error: not well-formed (invalid token): line 4, column 112
2025-07-04 01:54:14,576 - ERROR - Error processing file: E:\Dataset\Sketchy\sketches_svg\penguin\n02056570_4309-3.svg, Error: not well-formed (invalid token): line 4, column 112
2025-07-04 01:54:14,576 - ERROR - Error processing file: E:\Dataset\Sketchy\sketches_svg\penguin\n02056570_4309-4.svg, Error: not well-formed (invalid token): line 4, column 112
2025-07-04 01:54:14,577 - ERROR - Error processing file: E:\Dataset\Sketchy\sketches_svg\penguin\n02056570_4309-5.svg, Error: not well-formed (invalid token): line 4, column 112
2025-07-04 01:54:27,988 - ERROR - Error processing file: E:\Dataset\Sketchy\sketches_svg\pickup_truck\n03930630_11510-1.svg, Error: no element found: line 65, column 0
2025-07-04 01:54:28,776 - ERROR - Error processing file: E:\Dataset\Sketchy\sketches_svg\pickup_truck\n03930630_13293-2.svg, Error: no element found: line 87, column 0
2025-07-04 01:54:30,171 - ERROR - Error processing file: E:\Dataset\Sketchy\sketches_svg\pickup_truck\n03930630_17225-1.svg, Error: no element found: line 39, column 0
2025-07-04 01:54:30,218 - ERROR - Error processing file: E:\Dataset\Sketchy\sketches_svg\pickup_truck\n03930630_17225-4.svg, Error: no element found: line 44, column 0
2025-07-04 01:54:30,810 - ERROR - Error processing file: E:\Dataset\Sketchy\sketches_svg\pickup_truck\n03930630_18748-2.svg, Error: no element found: line 48, column 0
2025-07-04 01:54:30,833 - ERROR - Error processing file: E:\Dataset\Sketchy\sketches_svg\pickup_truck\n03930630_18748-5.svg, Error: no element found: line 72, column 0
2025-07-04 01:54:32,806 - ERROR - Error processing file: E:\Dataset\Sketchy\sketches_svg\pickup_truck\n03930630_3394-2.svg, Error: no element found: line 40, column 0
2025-07-04 01:54:32,837 - ERROR - Error processing file: E:\Dataset\Sketchy\sketches_svg\pickup_truck\n03930630_3394-5.svg, Error: no element found: line 43, column 0
2025-07-04 01:54:33,440 - ERROR - Error processing file: E:\Dataset\Sketchy\sketches_svg\pickup_truck\n03930630_3633-1.svg, Error: no element found: line 42, column 0
2025-07-04 01:54:33,495 - ERROR - Error processing file: E:\Dataset\Sketchy\sketches_svg\pickup_truck\n03930630_3633-5.svg, Error: no element found: line 89, column 0
2025-07-04 01:54:34,024 - ERROR - Error processing file: E:\Dataset\Sketchy\sketches_svg\pickup_truck\n03930630_4499-3.svg, Error: no element found: line 43, column 0
2025-07-04 01:54:38,871 - ERROR - Error processing file: E:\Dataset\Sketchy\sketches_svg\pig\n02395406_1284-5.svg, Error: no element found: line 40, column 0
2025-07-04 01:54:40,368 - ERROR - Error processing file: E:\Dataset\Sketchy\sketches_svg\pig\n02395406_21627-3.svg, Error: no element found: line 61, column 0
2025-07-04 01:54:43,506 - ERROR - Error processing file: E:\Dataset\Sketchy\sketches_svg\pig\n02395406_33729-4.svg, Error: no element found: line 52, column 0
2025-07-04 01:54:43,509 - ERROR - Error processing file: E:\Dataset\Sketchy\sketches_svg\pig\n02395406_33729-5.svg, Error: no element found: line 49, column 0
2025-07-04 01:54:44,941 - ERROR - Error processing file: E:\Dataset\Sketchy\sketches_svg\pig\n02395406_5730-1.svg, Error: not well-formed (invalid token): line 4, column 50
2025-07-04 01:54:44,942 - ERROR - Error processing file: E:\Dataset\Sketchy\sketches_svg\pig\n02395406_5730-2.svg, Error: not well-formed (invalid token): line 4, column 50
2025-07-04 01:54:44,943 - ERROR - Error processing file: E:\Dataset\Sketchy\sketches_svg\pig\n02395406_5730-3.svg, Error: not well-formed (invalid token): line 4, column 50
2025-07-04 01:54:44,943 - ERROR - Error processing file: E:\Dataset\Sketchy\sketches_svg\pig\n02395406_5730-4.svg, Error: not well-formed (invalid token): line 4, column 50
2025-07-04 01:54:44,944 - ERROR - Error processing file: E:\Dataset\Sketchy\sketches_svg\pig\n02395406_5730-5.svg, Error: not well-formed (invalid token): line 4, column 50
2025-07-04 01:54:46,006 - ERROR - Error processing file: E:\Dataset\Sketchy\sketches_svg\pig\n02395406_9891-5.svg, Error: no element found: line 48, column 0
2025-07-04 01:54:46,806 - ERROR - Error processing file: E:\Dataset\Sketchy\sketches_svg\pineapple\n07753275_14607-2.svg, Error: no element found: line 125, column 0
2025-07-04 01:54:47,084 - ERROR - Error processing file: E:\Dataset\Sketchy\sketches_svg\pineapple\n07753275_16105-1.svg, Error: no element found: line 45, column 0
2025-07-04 01:54:47,118 - ERROR - Error processing file: E:\Dataset\Sketchy\sketches_svg\pineapple\n07753275_16105-4.svg, Error: no element found: line 50, column 0
2025-07-04 01:54:49,899 - ERROR - Error processing file: E:\Dataset\Sketchy\sketches_svg\pineapple\n07753275_23767-3.svg, Error: no element found: line 59, column 0
2025-07-04 01:54:50,394 - ERROR - Error processing file: E:\Dataset\Sketchy\sketches_svg\pineapple\n07753275_24463-1.svg, Error: no element found: line 74, column 0
2025-07-04 01:54:50,417 - ERROR - Error processing file: E:\Dataset\Sketchy\sketches_svg\pineapple\n07753275_24463-2.svg, Error: no element found: line 180, column 0
2025-07-04 01:54:50,987 - ERROR - Error processing file: E:\Dataset\Sketchy\sketches_svg\pineapple\n07753275_26035-2.svg, Error: no element found: line 45, column 0
2025-07-04 01:54:52,351 - ERROR - Error processing file: E:\Dataset\Sketchy\sketches_svg\pineapple\n07753275_31141-5.svg, Error: no element found: line 57, column 0
2025-07-04 01:55:01,929 - ERROR - Error processing file: E:\Dataset\Sketchy\sketches_svg\pizza\n07873807_10998-3.svg, Error: no element found: line 59, column 0
2025-07-04 01:55:02,124 - ERROR - Error processing file: E:\Dataset\Sketchy\sketches_svg\pizza\n07873807_11028-3.svg, Error: no element found: line 51, column 0
2025-07-04 01:55:02,126 - ERROR - Error processing file: E:\Dataset\Sketchy\sketches_svg\pizza\n07873807_11028-4.svg, Error: no element found: line 55, column 0
2025-07-04 01:55:02,387 - ERROR - Error processing file: E:\Dataset\Sketchy\sketches_svg\pizza\n07873807_11248-2.svg, Error: no element found: line 47, column 0
2025-07-04 01:55:03,109 - ERROR - Error processing file: E:\Dataset\Sketchy\sketches_svg\pizza\n07873807_1257-4.svg, Error: no element found: line 57, column 0
2025-07-04 01:55:04,166 - ERROR - Error processing file: E:\Dataset\Sketchy\sketches_svg\pizza\n07873807_1597-3.svg, Error: no element found: line 72, column 0
2025-07-04 01:55:05,352 - ERROR - Error processing file: E:\Dataset\Sketchy\sketches_svg\pizza\n07873807_2151-1.svg, Error: no element found: line 48, column 0
2025-07-04 01:55:05,568 - ERROR - Error processing file: E:\Dataset\Sketchy\sketches_svg\pizza\n07873807_2200-3.svg, Error: no element found: line 48, column 0
2025-07-04 01:55:08,502 - ERROR - Error processing file: E:\Dataset\Sketchy\sketches_svg\pizza\n07873807_6849-4.svg, Error: no element found: line 55, column 0
2025-07-04 01:55:10,508 - ERROR - Error processing file: E:\Dataset\Sketchy\sketches_svg\pizza\n07873807_8839-2.svg, Error: no element found: line 75, column 0
2025-07-04 01:55:10,509 - ERROR - Error processing file: E:\Dataset\Sketchy\sketches_svg\pizza\n07873807_8839-3.svg, Error: no element found: line 59, column 0
2025-07-04 01:55:10,511 - ERROR - Error processing file: E:\Dataset\Sketchy\sketches_svg\pizza\n07873807_8839-4.svg, Error: no element found: line 38, column 0
2025-07-04 01:55:13,925 - ERROR - Error processing file: E:\Dataset\Sketchy\sketches_svg\pretzel\n07695742_2788-2.svg, Error: no element found: line 32, column 0
2025-07-04 01:55:14,181 - ERROR - Error processing file: E:\Dataset\Sketchy\sketches_svg\pretzel\n07695742_2935-4.svg, Error: no element found: line 38, column 0
2025-07-04 01:55:18,003 - ERROR - Error processing file: E:\Dataset\Sketchy\sketches_svg\pretzel\n07695742_8408-1.svg, Error: no element found: line 32, column 0
2025-07-04 01:55:18,027 - ERROR - Error processing file: E:\Dataset\Sketchy\sketches_svg\pretzel\n07695742_8408-3.svg, Error: no element found: line 31, column 0
2025-07-04 01:55:18,028 - ERROR - Error processing file: E:\Dataset\Sketchy\sketches_svg\pretzel\n07695742_8408-4.svg, Error: no element found: line 34, column 0
2025-07-04 01:55:19,644 - ERROR - Error processing file: E:\Dataset\Sketchy\sketches_svg\rabbit\n02325366_10935-5.svg, Error: no element found: line 40, column 0
2025-07-04 01:55:21,180 - ERROR - Error processing file: E:\Dataset\Sketchy\sketches_svg\rabbit\n02325366_2842-1.svg, Error: no element found: line 51, column 0
2025-07-04 01:55:22,621 - ERROR - Error processing file: E:\Dataset\Sketchy\sketches_svg\rabbit\n02325366_5122-3.svg, Error: no element found: line 65, column 0
2025-07-04 01:55:24,092 - ERROR - Error processing file: E:\Dataset\Sketchy\sketches_svg\rabbit\n02325366_6582-2.svg, Error: no element found: line 51, column 0
2025-07-04 01:55:24,177 - ERROR - Error processing file: E:\Dataset\Sketchy\sketches_svg\rabbit\n02325366_6684-2.svg, Error: no element found: line 65, column 0
2025-07-04 01:55:24,638 - ERROR - Error processing file: E:\Dataset\Sketchy\sketches_svg\rabbit\n02325366_7209-4.svg, Error: no element found: line 45, column 0
2025-07-04 01:55:25,162 - ERROR - Error processing file: E:\Dataset\Sketchy\sketches_svg\rabbit\n02325366_8231-2.svg, Error: no element found: line 52, column 0
2025-07-04 01:55:25,640 - ERROR - Error processing file: E:\Dataset\Sketchy\sketches_svg\rabbit\n02325366_8754-5.svg, Error: no element found: line 54, column 0
2025-07-04 01:55:26,103 - ERROR - Error processing file: E:\Dataset\Sketchy\sketches_svg\rabbit\n02325366_940-3.svg, Error: no element found: line 54, column 0
2025-07-04 01:56:07,454 - ERROR - Error processing file: E:\Dataset\Sketchy\sketches_svg\sailboat\n04128499_13402-2.svg, Error: no element found: line 63, column 0
2025-07-04 01:56:07,469 - ERROR - Error processing file: E:\Dataset\Sketchy\sketches_svg\sailboat\n04128499_13402-4.svg, Error: no element found: line 44, column 0
2025-07-04 01:56:09,745 - ERROR - Error processing file: E:\Dataset\Sketchy\sketches_svg\sailboat\n04128499_4871-1.svg, Error: no element found: line 38, column 0
2025-07-04 01:56:10,033 - ERROR - Error processing file: E:\Dataset\Sketchy\sketches_svg\sailboat\n04128499_5124-2.svg, Error: no element found: line 41, column 0
2025-07-04 01:56:10,056 - ERROR - Error processing file: E:\Dataset\Sketchy\sketches_svg\sailboat\n04128499_5124-5.svg, Error: no element found: line 64, column 0
2025-07-04 01:56:11,094 - ERROR - Error processing file: E:\Dataset\Sketchy\sketches_svg\sailboat\n04128499_7174-4.svg, Error: no element found: line 54, column 0
2025-07-04 01:56:11,317 - ERROR - Error processing file: E:\Dataset\Sketchy\sketches_svg\sailboat\n04128499_745-4.svg, Error: no element found: line 83, column 0
2025-07-04 01:56:29,408 - ERROR - Error processing file: E:\Dataset\Sketchy\sketches_svg\scorpion\n01770393_12297-1.svg, Error: no element found: line 56, column 0
2025-07-04 01:56:29,421 - ERROR - Error processing file: E:\Dataset\Sketchy\sketches_svg\scorpion\n01770393_12297-3.svg, Error: no element found: line 57, column 0
2025-07-04 01:56:29,535 - ERROR - Error processing file: E:\Dataset\Sketchy\sketches_svg\scorpion\n01770393_1283-3.svg, Error: no element found: line 72, column 0
2025-07-04 01:56:29,752 - ERROR - Error processing file: E:\Dataset\Sketchy\sketches_svg\scorpion\n01770393_1301-5.svg, Error: no element found: line 80, column 0
2025-07-04 01:56:30,689 - ERROR - Error processing file: E:\Dataset\Sketchy\sketches_svg\scorpion\n01770393_15960-3.svg, Error: no element found: line 42, column 0
2025-07-04 01:56:30,880 - ERROR - Error processing file: E:\Dataset\Sketchy\sketches_svg\scorpion\n01770393_16526-3.svg, Error: no element found: line 81, column 0
2025-07-04 01:56:31,963 - ERROR - Error processing file: E:\Dataset\Sketchy\sketches_svg\scorpion\n01770393_20648-4.svg, Error: no element found: line 51, column 0
2025-07-04 01:56:33,942 - ERROR - Error processing file: E:\Dataset\Sketchy\sketches_svg\scorpion\n01770393_3338-2.svg, Error: no element found: line 69, column 0
2025-07-04 01:56:34,204 - ERROR - Error processing file: E:\Dataset\Sketchy\sketches_svg\scorpion\n01770393_3629-3.svg, Error: no element found: line 46, column 0
2025-07-04 01:56:34,651 - ERROR - Error processing file: E:\Dataset\Sketchy\sketches_svg\scorpion\n01770393_4227-3.svg, Error: no element found: line 76, column 0
2025-07-04 01:56:35,064 - ERROR - Error processing file: E:\Dataset\Sketchy\sketches_svg\scorpion\n01770393_4534-1.svg, Error: no element found: line 104, column 0
2025-07-04 01:56:35,120 - ERROR - Error processing file: E:\Dataset\Sketchy\sketches_svg\scorpion\n01770393_4534-4.svg, Error: no element found: line 49, column 0
2025-07-04 01:56:36,473 - ERROR - Error processing file: E:\Dataset\Sketchy\sketches_svg\scorpion\n01770393_7257-3.svg, Error: no element found: line 41, column 0
2025-07-04 01:56:36,938 - ERROR - Error processing file: E:\Dataset\Sketchy\sketches_svg\scorpion\n01770393_7580-4.svg, Error: no element found: line 66, column 0
2025-07-04 01:56:38,024 - ERROR - Error processing file: E:\Dataset\Sketchy\sketches_svg\scorpion\n01770393_9723-1.svg, Error: no element found: line 64, column 0
2025-07-04 01:56:38,775 - ERROR - Error processing file: E:\Dataset\Sketchy\sketches_svg\seagull\n02041246_11928-3.svg, Error: no element found: line 59, column 0
2025-07-04 01:56:38,913 - ERROR - Error processing file: E:\Dataset\Sketchy\sketches_svg\seagull\n02041246_12364-3.svg, Error: no element found: line 47, column 0
2025-07-04 01:56:40,717 - ERROR - Error processing file: E:\Dataset\Sketchy\sketches_svg\seagull\n02041246_17224-4.svg, Error: no element found: line 47, column 0
2025-07-04 01:56:43,710 - ERROR - Error processing file: E:\Dataset\Sketchy\sketches_svg\seagull\n02041246_6200-2.svg, Error: no element found: line 38, column 0
2025-07-04 01:56:43,734 - ERROR - Error processing file: E:\Dataset\Sketchy\sketches_svg\seagull\n02041246_6200-5.svg, Error: no element found: line 36, column 0
2025-07-04 01:56:44,309 - ERROR - Error processing file: E:\Dataset\Sketchy\sketches_svg\seagull\n02041246_7678-3.svg, Error: no element found: line 60, column 0
2025-07-04 01:56:44,785 - ERROR - Error processing file: E:\Dataset\Sketchy\sketches_svg\seagull\n02041246_839-1.svg, Error: no element found: line 31, column 0
2025-07-04 01:57:28,503 - ERROR - Error processing file: E:\Dataset\Sketchy\sketches_svg\snail\n01944390_10908-3.svg, Error: no element found: line 50, column 0
2025-07-04 01:57:29,357 - ERROR - Error processing file: E:\Dataset\Sketchy\sketches_svg\snail\n01944390_1204-2.svg, Error: no element found: line 43, column 0
2025-07-04 01:57:29,358 - ERROR - Error processing file: E:\Dataset\Sketchy\sketches_svg\snail\n01944390_1204-3.svg, Error: no element found: line 40, column 0
2025-07-04 01:57:29,430 - ERROR - Error processing file: E:\Dataset\Sketchy\sketches_svg\snail\n01944390_12041-1.svg, Error: no element found: line 34, column 0
2025-07-04 01:57:29,444 - ERROR - Error processing file: E:\Dataset\Sketchy\sketches_svg\snail\n01944390_12041-2.svg, Error: no element found: line 37, column 0
2025-07-04 01:57:29,745 - ERROR - Error processing file: E:\Dataset\Sketchy\sketches_svg\snail\n01944390_12367-1.svg, Error: no element found: line 38, column 0
2025-07-04 01:57:31,892 - ERROR - Error processing file: E:\Dataset\Sketchy\sketches_svg\snail\n01944390_3028-1.svg, Error: no element found: line 63, column 0
2025-07-04 01:57:32,395 - ERROR - Error processing file: E:\Dataset\Sketchy\sketches_svg\snail\n01944390_4350-1.svg, Error: no element found: line 61, column 0
2025-07-04 01:57:32,396 - ERROR - Error processing file: E:\Dataset\Sketchy\sketches_svg\snail\n01944390_4350-2.svg, Error: no element found: line 38, column 0
2025-07-04 01:57:32,962 - ERROR - Error processing file: E:\Dataset\Sketchy\sketches_svg\snail\n01944390_5954-4.svg, Error: no element found: line 51, column 0
2025-07-04 01:57:34,675 - ERROR - Error processing file: E:\Dataset\Sketchy\sketches_svg\snake\n01726692_1298-1.svg, Error: no element found: line 32, column 0
2025-07-04 01:57:34,964 - ERROR - Error processing file: E:\Dataset\Sketchy\sketches_svg\snake\n01726692_1321-4.svg, Error: no element found: line 93, column 0
2025-07-04 01:57:35,207 - ERROR - Error processing file: E:\Dataset\Sketchy\sketches_svg\snake\n01726692_1517-4.svg, Error: no element found: line 195, column 0
2025-07-04 01:57:35,684 - ERROR - Error processing file: E:\Dataset\Sketchy\sketches_svg\snake\n01726692_1963-1.svg, Error: no element found: line 50, column 0
2025-07-04 01:57:35,685 - ERROR - Error processing file: E:\Dataset\Sketchy\sketches_svg\snake\n01726692_1963-2.svg, Error: no element found: line 34, column 0
2025-07-04 01:57:36,713 - ERROR - Error processing file: E:\Dataset\Sketchy\sketches_svg\snake\n01726692_3539-1.svg, Error: no element found: line 64, column 0
2025-07-04 01:57:36,946 - ERROR - Error processing file: E:\Dataset\Sketchy\sketches_svg\snake\n01726692_4092-3.svg, Error: no element found: line 36, column 0
2025-07-04 01:57:37,222 - ERROR - Error processing file: E:\Dataset\Sketchy\sketches_svg\snake\n01726692_5470-3.svg, Error: no element found: line 39, column 0
2025-07-04 01:57:37,886 - ERROR - Error processing file: E:\Dataset\Sketchy\sketches_svg\snake\n01726692_67-1.svg, Error: no element found: line 118, column 0
2025-07-04 01:57:38,163 - ERROR - Error processing file: E:\Dataset\Sketchy\sketches_svg\snake\n01726692_7084-4.svg, Error: no element found: line 63, column 0
2025-07-04 01:57:38,562 - ERROR - Error processing file: E:\Dataset\Sketchy\sketches_svg\snake\n01726692_7787-3.svg, Error: no element found: line 38, column 0
2025-07-04 01:57:38,944 - ERROR - Error processing file: E:\Dataset\Sketchy\sketches_svg\snake\n01726692_8692-2.svg, Error: no element found: line 62, column 0
2025-07-04 01:57:39,195 - ERROR - Error processing file: E:\Dataset\Sketchy\sketches_svg\snake\n01726692_9056-2.svg, Error: no element found: line 44, column 0
2025-07-04 01:57:39,197 - ERROR - Error processing file: E:\Dataset\Sketchy\sketches_svg\snake\n01726692_9056-3.svg, Error: no element found: line 67, column 0
2025-07-04 01:57:39,198 - ERROR - Error processing file: E:\Dataset\Sketchy\sketches_svg\snake\n01726692_9056-4.svg, Error: no element found: line 44, column 0
2025-07-04 01:57:39,420 - ERROR - Error processing file: E:\Dataset\Sketchy\sketches_svg\snake\n01726692_9155-2.svg, Error: no element found: line 44, column 0
2025-07-04 01:57:39,421 - ERROR - Error processing file: E:\Dataset\Sketchy\sketches_svg\snake\n01726692_9155-3.svg, Error: no element found: line 41, column 0
2025-07-04 01:57:59,262 - ERROR - Error processing file: E:\Dataset\Sketchy\sketches_svg\squirrel\n02355227_1097-2.svg, Error: no element found: line 42, column 0
2025-07-04 01:57:59,264 - ERROR - Error processing file: E:\Dataset\Sketchy\sketches_svg\squirrel\n02355227_1097-3.svg, Error: no element found: line 61, column 0
2025-07-04 01:58:00,963 - ERROR - Error processing file: E:\Dataset\Sketchy\sketches_svg\squirrel\n02355227_132-1.svg, Error: no element found: line 129, column 0
2025-07-04 01:58:00,978 - ERROR - Error processing file: E:\Dataset\Sketchy\sketches_svg\squirrel\n02355227_132-2.svg, Error: no element found: line 44, column 0
2025-07-04 01:58:01,436 - ERROR - Error processing file: E:\Dataset\Sketchy\sketches_svg\squirrel\n02355227_13453-3.svg, Error: no element found: line 37, column 0
2025-07-04 01:58:01,695 - ERROR - Error processing file: E:\Dataset\Sketchy\sketches_svg\squirrel\n02355227_13484-2.svg, Error: no element found: line 144, column 0
2025-07-04 01:58:02,176 - ERROR - Error processing file: E:\Dataset\Sketchy\sketches_svg\squirrel\n02355227_13575-5.svg, Error: no element found: line 71, column 0
2025-07-04 01:58:02,569 - ERROR - Error processing file: E:\Dataset\Sketchy\sketches_svg\squirrel\n02355227_13700-3.svg, Error: no element found: line 41, column 0
2025-07-04 01:58:03,316 - ERROR - Error processing file: E:\Dataset\Sketchy\sketches_svg\squirrel\n02355227_14513-4.svg, Error: no element found: line 53, column 0
2025-07-04 01:58:04,042 - ERROR - Error processing file: E:\Dataset\Sketchy\sketches_svg\squirrel\n02355227_15150-1.svg, Error: no element found: line 40, column 0
2025-07-04 01:58:07,000 - ERROR - Error processing file: E:\Dataset\Sketchy\sketches_svg\squirrel\n02355227_7784-3.svg, Error: no element found: line 59, column 0
2025-07-04 01:58:15,903 - ERROR - Error processing file: E:\Dataset\Sketchy\sketches_svg\strawberry\n07745940_3145-2.svg, Error: no element found: line 51, column 0
2025-07-04 01:58:16,738 - ERROR - Error processing file: E:\Dataset\Sketchy\sketches_svg\strawberry\n07745940_4307-5.svg, Error: no element found: line 49, column 0
2025-07-04 01:58:17,264 - ERROR - Error processing file: E:\Dataset\Sketchy\sketches_svg\strawberry\n07745940_5486-4.svg, Error: no element found: line 43, column 0
2025-07-04 01:58:17,265 - ERROR - Error processing file: E:\Dataset\Sketchy\sketches_svg\strawberry\n07745940_5486-5.svg, Error: no element found: line 35, column 0
2025-07-04 01:58:18,132 - ERROR - Error processing file: E:\Dataset\Sketchy\sketches_svg\strawberry\n07745940_645-3.svg, Error: no element found: line 61, column 0
2025-07-04 01:58:19,220 - ERROR - Error processing file: E:\Dataset\Sketchy\sketches_svg\strawberry\n07745940_9050-4.svg, Error: no element found: line 56, column 0
2025-07-04 01:58:26,922 - ERROR - Error processing file: E:\Dataset\Sketchy\sketches_svg\sword\n04373894_11246-2.svg, Error: no element found: line 37, column 0
2025-07-04 01:58:27,311 - ERROR - Error processing file: E:\Dataset\Sketchy\sketches_svg\sword\n04373894_27024-1.svg, Error: no element found: line 48, column 0
2025-07-04 01:58:27,313 - ERROR - Error processing file: E:\Dataset\Sketchy\sketches_svg\sword\n04373894_27024-2.svg, Error: no element found: line 59, column 0
2025-07-04 01:58:27,323 - ERROR - Error processing file: E:\Dataset\Sketchy\sketches_svg\sword\n04373894_27024-4.svg, Error: no element found: line 56, column 0
2025-07-04 01:58:27,408 - ERROR - Error processing file: E:\Dataset\Sketchy\sketches_svg\sword\n04373894_27155-5.svg, Error: no element found: line 38, column 0
2025-07-04 01:58:27,636 - ERROR - Error processing file: E:\Dataset\Sketchy\sketches_svg\sword\n04373894_28236-2.svg, Error: no element found: line 68, column 0
2025-07-04 01:58:28,756 - ERROR - Error processing file: E:\Dataset\Sketchy\sketches_svg\sword\n04373894_31082-3.svg, Error: no element found: line 46, column 0
2025-07-04 01:58:28,764 - ERROR - Error processing file: E:\Dataset\Sketchy\sketches_svg\sword\n04373894_31082-5.svg, Error: no element found: line 44, column 0
2025-07-04 01:58:29,108 - ERROR - Error processing file: E:\Dataset\Sketchy\sketches_svg\sword\n04373894_33277-3.svg, Error: no element found: line 70, column 0
2025-07-04 01:58:29,950 - ERROR - Error processing file: E:\Dataset\Sketchy\sketches_svg\sword\n04373894_42854-3.svg, Error: no element found: line 39, column 0
2025-07-04 01:58:30,281 - ERROR - Error processing file: E:\Dataset\Sketchy\sketches_svg\sword\n04373894_49580-1.svg, Error: no element found: line 42, column 0
2025-07-04 01:58:30,283 - ERROR - Error processing file: E:\Dataset\Sketchy\sketches_svg\sword\n04373894_49580-2.svg, Error: no element found: line 56, column 0
2025-07-04 01:58:30,958 - ERROR - Error processing file: E:\Dataset\Sketchy\sketches_svg\sword\n04373894_56551-3.svg, Error: no element found: line 39, column 0
2025-07-04 01:58:30,959 - ERROR - Error processing file: E:\Dataset\Sketchy\sketches_svg\sword\n04373894_56551-4.svg, Error: no element found: line 31, column 0
2025-07-04 01:58:31,300 - ERROR - Error processing file: E:\Dataset\Sketchy\sketches_svg\sword\n04373894_59046-4.svg, Error: no element found: line 33, column 0
2025-07-04 01:58:33,952 - ERROR - Error processing file: E:\Dataset\Sketchy\sketches_svg\table\n04379243_1127-1.svg, Error: not well-formed (invalid token): line 4, column 61
2025-07-04 01:58:33,952 - ERROR - Error processing file: E:\Dataset\Sketchy\sketches_svg\table\n04379243_1127-2.svg, Error: not well-formed (invalid token): line 4, column 61
2025-07-04 01:58:33,953 - ERROR - Error processing file: E:\Dataset\Sketchy\sketches_svg\table\n04379243_1127-3.svg, Error: not well-formed (invalid token): line 4, column 61
2025-07-04 01:58:33,953 - ERROR - Error processing file: E:\Dataset\Sketchy\sketches_svg\table\n04379243_1127-4.svg, Error: not well-formed (invalid token): line 4, column 61
2025-07-04 01:58:33,954 - ERROR - Error processing file: E:\Dataset\Sketchy\sketches_svg\table\n04379243_1127-5.svg, Error: not well-formed (invalid token): line 4, column 61
2025-07-04 01:58:48,342 - ERROR - Error processing file: E:\Dataset\Sketchy\sketches_svg\teapot\n04398044_10719-1.svg, Error: no element found: line 36, column 0
2025-07-04 01:58:49,015 - ERROR - Error processing file: E:\Dataset\Sketchy\sketches_svg\teapot\n04398044_12206-4.svg, Error: no element found: line 53, column 0
2025-07-04 01:58:49,685 - ERROR - Error processing file: E:\Dataset\Sketchy\sketches_svg\teapot\n04398044_14186-2.svg, Error: no element found: line 57, column 0
2025-07-04 01:58:49,778 - ERROR - Error processing file: E:\Dataset\Sketchy\sketches_svg\teapot\n04398044_14381-2.svg, Error: no element found: line 35, column 0
2025-07-04 01:58:50,598 - ERROR - Error processing file: E:\Dataset\Sketchy\sketches_svg\teapot\n04398044_16629-2.svg, Error: no element found: line 38, column 0
2025-07-04 01:58:50,950 - ERROR - Error processing file: E:\Dataset\Sketchy\sketches_svg\teapot\n04398044_17457-1.svg, Error: no element found: line 109, column 0
2025-07-04 01:59:03,477 - ERROR - Error processing file: E:\Dataset\Sketchy\sketches_svg\tiger\n02129604_11586-1.svg, Error: no element found: line 71, column 0
2025-07-04 01:59:05,688 - ERROR - Error processing file: E:\Dataset\Sketchy\sketches_svg\tiger\n02129604_14687-2.svg, Error: no element found: line 42, column 0
2025-07-04 01:59:10,422 - ERROR - Error processing file: E:\Dataset\Sketchy\sketches_svg\tiger\n02129604_3907-4.svg, Error: no element found: line 104, column 0
2025-07-04 01:59:12,658 - ERROR - Error processing file: E:\Dataset\Sketchy\sketches_svg\tiger\n02129604_637-1.svg, Error: no element found: line 53, column 0
2025-07-04 01:59:12,724 - ERROR - Error processing file: E:\Dataset\Sketchy\sketches_svg\tiger\n02129604_637-4.svg, Error: no element found: line 106, column 0
2025-07-04 01:59:13,954 - ERROR - Error processing file: E:\Dataset\Sketchy\sketches_svg\tiger\n02129604_7416-1.svg, Error: no element found: line 55, column 0
2025-07-04 01:59:14,087 - ERROR - Error processing file: E:\Dataset\Sketchy\sketches_svg\tiger\n02129604_7501-1.svg, Error: no element found: line 54, column 0
2025-07-04 01:59:14,923 - ERROR - Error processing file: E:\Dataset\Sketchy\sketches_svg\tiger\n02129604_8618-1.svg, Error: no element found: line 86, column 0
2025-07-04 01:59:15,683 - ERROR - Error processing file: E:\Dataset\Sketchy\sketches_svg\tiger\n02129604_8990-3.svg, Error: no element found: line 216, column 0
2025-07-04 01:59:32,522 - ERROR - Error processing file: E:\Dataset\Sketchy\sketches_svg\turtle\n01669191_11217-3.svg, Error: no element found: line 40, column 0
2025-07-04 01:59:33,142 - ERROR - Error processing file: E:\Dataset\Sketchy\sketches_svg\turtle\n01669191_1628-3.svg, Error: no element found: line 60, column 0
2025-07-04 01:59:33,300 - ERROR - Error processing file: E:\Dataset\Sketchy\sketches_svg\turtle\n01669191_1717-5.svg, Error: no element found: line 50, column 0
2025-07-04 01:59:35,302 - ERROR - Error processing file: E:\Dataset\Sketchy\sketches_svg\turtle\n01669191_4047-4.svg, Error: no element found: line 56, column 0
2025-07-04 01:59:36,208 - ERROR - Error processing file: E:\Dataset\Sketchy\sketches_svg\turtle\n01669191_4493-2.svg, Error: no element found: line 86, column 0
2025-07-04 01:59:37,056 - ERROR - Error processing file: E:\Dataset\Sketchy\sketches_svg\turtle\n01669191_5982-4.svg, Error: no element found: line 41, column 0
2025-07-04 01:59:37,195 - ERROR - Error processing file: E:\Dataset\Sketchy\sketches_svg\turtle\n01669191_6317-2.svg, Error: no element found: line 49, column 0
2025-07-04 01:59:37,197 - ERROR - Error processing file: E:\Dataset\Sketchy\sketches_svg\turtle\n01669191_6317-3.svg, Error: no element found: line 47, column 0
2025-07-04 01:59:38,761 - ERROR - Error processing file: E:\Dataset\Sketchy\sketches_svg\turtle\n01669191_8067-1.svg, Error: no element found: line 47, column 0
2025-07-04 01:59:39,707 - ERROR - Error processing file: E:\Dataset\Sketchy\sketches_svg\turtle\n01669191_8902-3.svg, Error: no element found: line 114, column 0
2025-07-04 01:59:39,709 - ERROR - Error processing file: E:\Dataset\Sketchy\sketches_svg\turtle\n01669191_8902-4.svg, Error: no element found: line 57, column 0
2025-07-04 02:00:12,499 - ERROR - Error processing file: E:\Dataset\Sketchy\sketches_svg\windmill\n04587404_1621-1.svg, Error: not well-formed (invalid token): line 4, column 38
2025-07-04 02:00:12,499 - ERROR - Error processing file: E:\Dataset\Sketchy\sketches_svg\windmill\n04587404_1621-2.svg, Error: not well-formed (invalid token): line 4, column 38
2025-07-04 02:00:12,499 - ERROR - Error processing file: E:\Dataset\Sketchy\sketches_svg\windmill\n04587404_1621-3.svg, Error: not well-formed (invalid token): line 4, column 38
2025-07-04 02:00:12,500 - ERROR - Error processing file: E:\Dataset\Sketchy\sketches_svg\windmill\n04587404_1621-4.svg, Error: not well-formed (invalid token): line 4, column 38
2025-07-04 02:00:12,500 - ERROR - Error processing file: E:\Dataset\Sketchy\sketches_svg\windmill\n04587404_1621-5.svg, Error: not well-formed (invalid token): line 4, column 38
2025-07-04 02:00:12,501 - ERROR - Error processing file: E:\Dataset\Sketchy\sketches_svg\windmill\n04587404_1621-6.svg, Error: not well-formed (invalid token): line 4, column 38
2025-07-04 02:00:26,690 - ERROR - Error processing file: E:\Dataset\Sketchy\sketches_svg\wine_bottle\n04591713_1132-3.svg, Error: no element found: line 36, column 0
2025-07-04 02:00:26,756 - ERROR - Error processing file: E:\Dataset\Sketchy\sketches_svg\wine_bottle\n04591713_1237-3.svg, Error: no element found: line 45, column 0
2025-07-04 02:00:27,394 - ERROR - Error processing file: E:\Dataset\Sketchy\sketches_svg\wine_bottle\n04591713_1834-1.svg, Error: no element found: line 51, column 0
2025-07-04 02:00:27,895 - ERROR - Error processing file: E:\Dataset\Sketchy\sketches_svg\wine_bottle\n04591713_2419-4.svg, Error: no element found: line 34, column 0
2025-07-04 02:00:28,601 - ERROR - Error processing file: E:\Dataset\Sketchy\sketches_svg\wine_bottle\n04591713_3423-2.svg, Error: no element found: line 39, column 0
2025-07-04 02:00:29,579 - ERROR - Error processing file: E:\Dataset\Sketchy\sketches_svg\wine_bottle\n04591713_4506-3.svg, Error: no element found: line 36, column 0
2025-07-04 02:00:29,580 - ERROR - Error processing file: E:\Dataset\Sketchy\sketches_svg\wine_bottle\n04591713_4506-4.svg, Error: no element found: line 39, column 0
2025-07-04 02:00:30,016 - ERROR - Error processing file: E:\Dataset\Sketchy\sketches_svg\wine_bottle\n04591713_5083-3.svg, Error: no element found: line 35, column 0
2025-07-04 02:00:30,222 - ERROR - Error processing file: E:\Dataset\Sketchy\sketches_svg\wine_bottle\n04591713_5290-4.svg, Error: no element found: line 36, column 0
2025-07-04 02:00:30,844 - ERROR - Error processing file: E:\Dataset\Sketchy\sketches_svg\wine_bottle\n04591713_6069-2.svg, Error: no element found: line 36, column 0
2025-07-04 02:00:31,272 - ERROR - Error processing file: E:\Dataset\Sketchy\sketches_svg\wine_bottle\n04591713_7080-2.svg, Error: no element found: line 29, column 0
2025-07-04 02:00:31,273 - ERROR - Error processing file: E:\Dataset\Sketchy\sketches_svg\wine_bottle\n04591713_7080-3.svg, Error: no element found: line 48, column 0
